<?xml version="1.0" encoding="UTF-8"?>
<!-- Generated by org.testng.reporters.JUnitReportReporter -->
<testsuite hostname="FA-4DPC3B3" failures="0" tests="1" name="selenium.SeleniumTest" time="10.911" errors="0" timestamp="2022-06-20T15:25:18 SAST" skipped="0">
  <testcase classname="selenium.SeleniumTest" name="firstTest" time="10.911"/>
  <system-out/>
</testsuite> <!-- selenium.SeleniumTest -->
